[ 2016-12-27T16:26:07+08:00 ] ::1 /TPproject/index.php/Home/Index/test
INFO: [ app_begin ] --START--
INFO: Run Behavior\ReadHtmlCache [ RunTime:0.001014s ]
INFO: [ app_begin ] --END-- [ RunTime:0.002109s ]
SQL: SHOW COLUMNS FROM `test_users` [ RunTime:0.001908s ]
SQL: SELECT COUNT(*) AS tp_count FROM `test_users` LIMIT 1   [ RunTime:0.000321s ]
NOTIC: [8] Undefined variable: or_name /Applications/MAMP/htdocs/TPproject/Application/Home/Controller/IndexController.class.php 第 23 行.
SQL: SELECT * FROM `test_users` LIMIT 0,5   [ RunTime:0.000428s ]
INFO: [ view_parse ] --START--
INFO: [ template_filter ] --START--
INFO: Run Behavior\ContentReplace [ RunTime:0.000048s ]
INFO: [ template_filter ] --END-- [ RunTime:0.000159s ]
INFO: Run Behavior\ParseTemplate [ RunTime:0.043225s ]
INFO: [ view_parse ] --END-- [ RunTime:0.043599s ]
INFO: [ view_filter ] --START--
INFO: Run Behavior\WriteHtmlCache [ RunTime:0.000292s ]
INFO: [ view_filter ] --END-- [ RunTime:0.000421s ]
INFO: [ app_end ] --START--
INFO: Run Behavior\ShowPageTrace [ RunTime:0.001049s ]
INFO: [ app_end ] --END-- [ RunTime:0.001184s ]

[ 2016-12-27T16:26:17+08:00 ] ::1 /TPproject/index.php/Home/Index/test
INFO: [ app_begin ] --START--
INFO: Run Behavior\ReadHtmlCache [ RunTime:0.000906s ]
INFO: [ app_begin ] --END-- [ RunTime:0.001716s ]
SQL: SHOW COLUMNS FROM `test_users` [ RunTime:0.002024s ]
SQL: SELECT COUNT(*) AS tp_count FROM `test_users` LIMIT 1   [ RunTime:0.000317s ]
NOTIC: [8] Undefined variable: or_name /Applications/MAMP/htdocs/TPproject/Application/Home/Controller/IndexController.class.php 第 23 行.
SQL: SELECT * FROM `test_users` LIMIT 0,5   [ RunTime:0.000386s ]
INFO: [ view_parse ] --START--
INFO: [ template_filter ] --START--
INFO: Run Behavior\ContentReplace [ RunTime:0.000047s ]
INFO: [ template_filter ] --END-- [ RunTime:0.000154s ]
INFO: Run Behavior\ParseTemplate [ RunTime:0.013220s ]
INFO: [ view_parse ] --END-- [ RunTime:0.013341s ]
INFO: [ view_filter ] --START--
INFO: Run Behavior\WriteHtmlCache [ RunTime:0.000183s ]
INFO: [ view_filter ] --END-- [ RunTime:0.000252s ]
INFO: [ app_end ] --START--
INFO: Run Behavior\ShowPageTrace [ RunTime:0.000663s ]
INFO: [ app_end ] --END-- [ RunTime:0.000745s ]

[ 2016-12-27T16:26:21+08:00 ] ::1 /TPproject/index.php/Home/Index/test/p/2.html
INFO: [ app_begin ] --START--
INFO: Run Behavior\ReadHtmlCache [ RunTime:0.000997s ]
INFO: [ app_begin ] --END-- [ RunTime:0.001937s ]
SQL: SHOW COLUMNS FROM `test_users` [ RunTime:0.024120s ]
SQL: SELECT COUNT(*) AS tp_count FROM `test_users` LIMIT 1   [ RunTime:0.000698s ]
NOTIC: [8] Undefined variable: or_name /Applications/MAMP/htdocs/TPproject/Application/Home/Controller/IndexController.class.php 第 23 行.
SQL: SELECT * FROM `test_users` LIMIT 5,5   [ RunTime:0.000480s ]
INFO: [ view_parse ] --START--
INFO: [ template_filter ] --START--
INFO: Run Behavior\ContentReplace [ RunTime:0.000045s ]
INFO: [ template_filter ] --END-- [ RunTime:0.000147s ]
INFO: Run Behavior\ParseTemplate [ RunTime:0.012246s ]
INFO: [ view_parse ] --END-- [ RunTime:0.012349s ]
INFO: [ view_filter ] --START--
INFO: Run Behavior\WriteHtmlCache [ RunTime:0.000153s ]
INFO: [ view_filter ] --END-- [ RunTime:0.000219s ]
INFO: [ app_end ] --START--
INFO: Run Behavior\ShowPageTrace [ RunTime:0.000581s ]
INFO: [ app_end ] --END-- [ RunTime:0.000657s ]

[ 2016-12-27T16:26:22+08:00 ] ::1 /TPproject/index.php/Home/Index/test/p/1.html
INFO: [ app_begin ] --START--
INFO: Run Behavior\ReadHtmlCache [ RunTime:0.000473s ]
INFO: [ app_begin ] --END-- [ RunTime:0.000835s ]
SQL: SHOW COLUMNS FROM `test_users` [ RunTime:0.001430s ]
SQL: SELECT COUNT(*) AS tp_count FROM `test_users` LIMIT 1   [ RunTime:0.000297s ]
NOTIC: [8] Undefined variable: or_name /Applications/MAMP/htdocs/TPproject/Application/Home/Controller/IndexController.class.php 第 23 行.
SQL: SELECT * FROM `test_users` LIMIT 0,5   [ RunTime:0.000356s ]
INFO: [ view_parse ] --START--
INFO: [ template_filter ] --START--
INFO: Run Behavior\ContentReplace [ RunTime:0.000063s ]
INFO: [ template_filter ] --END-- [ RunTime:0.000182s ]
INFO: Run Behavior\ParseTemplate [ RunTime:0.009455s ]
INFO: [ view_parse ] --END-- [ RunTime:0.009559s ]
INFO: [ view_filter ] --START--
INFO: Run Behavior\WriteHtmlCache [ RunTime:0.000227s ]
INFO: [ view_filter ] --END-- [ RunTime:0.000314s ]
INFO: [ app_end ] --START--
INFO: Run Behavior\ShowPageTrace [ RunTime:0.000619s ]
INFO: [ app_end ] --END-- [ RunTime:0.000708s ]

